140
6 11 33
16 13 37
10 3 62
2 17 55
14 1 82
20 15 66
10 1 79
15 5 47
4 15 74
19 3 74
3 12 88
15 12 47
15 7 55
19 4 74
2 18 79
3 11 54
8 14 43
9 15 74
16 17 55
19 7 48
6 20 33
15 8 40
10 12 47
12 6 79
10 10 0
14 17 82
7 18 90
9 3 83
19 4 74
16 15 55
14 2 82
1 16 74
19 5 74
20 16 87
6 7 43
13 12 87
3 7 90
3 11 54
17 9 90
7 8 90
10 3 62
16 8 82
13 9 90
13 8 50
9 1 83
18 15 86
14 17 82
2 3 79
5 7 79
17 15 74
15 11 40
20 1 28
19 6 74
12 12 0
1 17 74
3 2 5
12 11 93
1 14 74
8 2 93
19 18 74
10 15 63
2 16 57
9 14 59
2 17 55
10 20 74
6 20 33
9 12 9
9 6 35
7 4 90
13 18 86
13 14 50
8 10 93
5 4 93
14 13 54
15 12 47
11 11 0
8 15 93
6 16 90
8 17 93
13 12 87
17 12 90
15 7 55
16 14 82
8 15 93
4 5 90
9 19 22
7 15 90
15 17 40
7 5 60
18 5 86
14 7 82
14 15 82
14 4 82
18 19 86
20 4 28
18 13 86
20 17 28
7 15 90
12 12 0
20 3 74
11 1 35
8 13 83
20 4 28
17 15 74
3 6 32
8 15 93
5 2 90
18 11 86
1 9 88
11 6 74
3 12 88
9 4 9
4 19 74
14 19 82
1 11 74
14 3 82
6 6 0
2 9 55
17 12 90
2 7 57
6 9 55
20 14 92
10 18 90
20 6 28
20 1 28
20 18 88
7 9 60
2 8 55
16 13 37
5 4 93
11 9 47
8 17 93
12 6 79
1 18 74
11 16 57
20 12 87
15 18 86
11 4 93
18 5 86
20 12 87
